<?xml version="1.0" encoding="UTF-8"?>
<!-- Generated by org.testng.reporters.JUnitXMLReporter -->
<testsuite ignored="0" hostname="LAPTOP-UEHSILNM" failures="0" tests="4" name="Test" time="70.887" errors="0" timestamp="2022-08-26T11:54:14 IST">
  <testcase classname="Abc1.SigninPage" name="ValidData" time="18.119"/>
  <testcase classname="Abc1.SigninPage" name="invalidPassword" time="15.607"/>
  <testcase classname="Abc1.SigninPage" name="loginWithGoogle" time="19.387"/>
  <testcase classname="Abc1.SigninPage" name="loginWithgithub" time="17.729"/>
</testsuite> <!-- Test -->
