<?xml version="1.0" encoding="UTF-8"?>
<!-- Generated by org.testng.reporters.JUnitXMLReporter -->
<testsuite ignored="0" hostname="LAPTOP-UEHSILNM" failures="0" tests="10" name="Test1" time="0.113" errors="0" timestamp="2022-08-24T07:59:04 IST">
  <testcase classname="LamdaTest.RegistrationPage" name="@BeforeTest launchapp" time="-1.66130814435E9">
    <failure type="org.testng.TestNGException" message="
Can inject only one of &amp;lt;ITestContext, XmlTest&amp;gt; into a @BeforeTest annotated launchapp.
For more information on native dependency injection please refer to https://testng.org/doc/documentation-main.html#native-dependency-injection">
      <![CDATA[org.testng.TestNGException: 
Can inject only one of <ITestContext, XmlTest> into a @BeforeTest annotated launchapp.
For more information on native dependency injection please refer to https://testng.org/doc/documentation-main.html#native-dependency-injection
... Removed 21 stack frames]]>
    </failure>
  </testcase> <!-- @BeforeTest launchapp -->
  <testcase classname="LamdaTest.RegistrationPage" name="ValidInput" time="0.0">
    <skipped/>
  </testcase> <!-- ValidInput -->
  <testcase classname="LamdaTest.RegistrationPage" name="EmptyFullName" time="0.0">
    <skipped/>
  </testcase> <!-- EmptyFullName -->
  <testcase classname="LamdaTest.RegistrationPage" name="EmptyEmail" time="0.0">
    <skipped/>
  </testcase> <!-- EmptyEmail -->
  <testcase classname="LamdaTest.RegistrationPage" name="EmptyPassword" time="0.0">
    <skipped/>
  </testcase> <!-- EmptyPassword -->
  <testcase classname="LamdaTest.RegistrationPage" name="EmptyPhoneNumber" time="0.0">
    <skipped/>
  </testcase> <!-- EmptyPhoneNumber -->
  <testcase classname="LamdaTest.RegistrationPage" name="WithoutClickingCheckBox" time="0.0">
    <skipped/>
  </testcase> <!-- WithoutClickingCheckBox -->
  <testcase classname="LamdaTest.RegistrationPage" name="EneteringWrongName" time="0.0">
    <skipped/>
  </testcase> <!-- EneteringWrongName -->
  <testcase classname="LamdaTest.RegistrationPage" name="EnteringWrongEmail" time="0.0">
    <skipped/>
  </testcase> <!-- EnteringWrongEmail -->
  <testcase classname="LamdaTest.RegistrationPage" name="EnteringWronPassword" time="0.0">
    <skipped/>
  </testcase> <!-- EnteringWronPassword -->
  <testcase classname="LamdaTest.RegistrationPage" name="EnteringWrongMobileNumber" time="0.0">
    <skipped/>
  </testcase> <!-- EnteringWrongMobileNumber -->
</testsuite> <!-- Test1 -->
